<?xml version="1.0" encoding="UTF-8"?>
<testsuite xmlns:xsi="http://www.w3.org/2001/XMLSchema-instance" xsi:noNamespaceSchemaLocation="https://maven.apache.org/surefire/maven-surefire-plugin/xsd/surefire-test-report.xsd" name="esprit.reclamation.service.ReclamationServiceImplTest" time="1.257" tests="3" errors="0" skipped="0" failures="0">
  <properties>
[...]
</properties>
  <testcase name="backfillMlCategories_shouldCountUpdatedAndSkipped" classname="esprit.reclamation.service.ReclamationServiceImplTest" time="1.198"/>
  <testcase name="create_shouldThrow_whenStudentIdMissing" classname="esprit.reclamation.service.ReclamationServiceImplTest" time="0.004"/>
  <testcase name="create_shouldSanitizeAndApplyComputedFields" classname="esprit.reclamation.service.ReclamationServiceImplTest" time="0.029"/>
</testsuite>